00:00:00.002988 main     VirtualBox XPCOM Server 6.1.38_Ubuntu r153438 linux.amd64 (Sep  7 2022 11:18:57) release log
00:00:00.002993 main     Log opened 2022-11-18T11:28:35.705671000Z
00:00:00.002995 main     Build Type: release
00:00:00.002998 main     OS Product: Linux
00:00:00.003000 main     OS Release: 5.15.0-48-generic
00:00:00.003002 main     OS Version: #54~20.04.1-Ubuntu SMP Thu Sep 1 16:17:26 UTC 2022
00:00:00.003029 main     DMI Product Name: 82JW
00:00:00.003036 main     DMI Product Version: Legion 5 15ACH6
00:00:00.003044 main     Firmware type: UEFI
00:00:00.004003 main     Secure Boot: Disabled
00:00:00.004127 main     Host RAM: 7798MB (7.6GB) total, 3850MB (3.7GB) available
00:00:00.004136 main     Executable: /usr/lib/virtualbox/VBoxSVC
00:00:00.004138 main     Process ID: 60041
00:00:00.004139 main     Package type: LINUX_64BITS_GENERIC (OSE)
00:00:00.005207 main     IPC socket path: /tmp/.vbox-natalie-ipc/ipcd
00:00:00.110480 nspr-2   VirtualBox: object creation starts
00:00:00.110843 nspr-2   Home directory: '/home/natalie/.config/VirtualBox'
00:00:00.111818 nspr-2   Loading settings file "/home/natalie/.config/VirtualBox/VirtualBox.xml" with version "1.12-linux"
00:00:00.128397 nspr-2   NetIfAdpCtlOut: VBoxNetAdpCtl: Error while retrieving link speed for wlp4s0: VBoxNetAdpCtl: ioctl failed: Operation not supported
00:00:00.129396 nspr-2   HostDnsMonitor: initializing
00:00:00.129526 nspr-2   NAT: resolv.conf: nameserver 127.0.0.53
00:00:00.129539 nspr-2   NAT: resolv.conf: ignoring "options edns0 trust-ad"
00:00:00.129548 nspr-2   HostDnsMonitor: updating information
00:00:00.129561 nspr-2   HostDnsMonitor: old information
00:00:00.129565 nspr-2     no server entries
00:00:00.129568 nspr-2     no domain set
00:00:00.129572 nspr-2     no search string entries
00:00:00.129576 nspr-2   HostDnsMonitor: new information
00:00:00.129580 nspr-2     server 1: 127.0.0.53
00:00:00.129584 nspr-2     no domain set
00:00:00.129588 nspr-2     no search string entries
00:00:00.132827 nspr-2   VD: VDInit finished with VINF_SUCCESS
00:00:00.133328 nspr-2   ERROR [COM]: aRC=NS_ERROR_FAILURE (0x80004005) aIID={027bc463-929c-40e8-bf16-fea557cd8e7e} aComponent={SystemPropertiesWrap} aText={Cannot determine default Guest Additions ISO location. Most likely they are not available}, preserve=false aResultDetail=0
00:00:00.133923 nspr-2   VirtualBox: object created
00:02:09.045259 createBase Saving settings file "/home/natalie/.config/VirtualBox/VirtualBox.xml" with version "1.12-linux"
00:02:09.604807 nspr-3   Saving settings file "/media/natalie/D-Drive/Other Data/VirtualMachines/Linux/Linux.vbox" with version "1.16-linux"
00:02:09.607023 nspr-4   WARNING [COM]: aRC=NS_ERROR_FAILURE (0x80004005) aIID={16ced992-5fdc-4aba-aff5-6a39bbd7c38b} aComponent={HostWrap} aText={VirtualBox is not currently allowed to access USB devices.  You can change this by adding your user to the 'vboxusers' group.  Please see the user manual for a more detailed explanation}, preserve=true  aResultDetail=0
00:02:09.608015 nspr-4   Saving settings file "/media/natalie/D-Drive/Other Data/VirtualMachines/Linux/Linux.vbox" with version "1.16-linux"
00:02:09.610349 nspr-4   Saving settings file "/home/natalie/.config/VirtualBox/VirtualBox.xml" with version "1.12-linux"
00:02:09.617292 nspr-2   Saving settings file "/home/natalie/.config/VirtualBox/VirtualBox.xml" with version "1.12-linux"
00:02:09.620701 nspr-2   Saving settings file "/media/natalie/D-Drive/Other Data/VirtualMachines/Linux/Linux.vbox" with version "1.16-linux"
00:02:10.042545 nspr-2   WARNING [COM]: aRC=NS_ERROR_FAILURE (0x80004005) aIID={16ced992-5fdc-4aba-aff5-6a39bbd7c38b} aComponent={HostWrap} aText={VirtualBox is not currently allowed to access USB devices.  You can change this by adding your user to the 'vboxusers' group.  Please see the user manual for a more detailed explanation}, preserve=true  aResultDetail=0
00:02:10.199845 nspr-4   WARNING [COM]: aRC=NS_ERROR_FAILURE (0x80004005) aIID={16ced992-5fdc-4aba-aff5-6a39bbd7c38b} aComponent={HostWrap} aText={VirtualBox is not currently allowed to access USB devices.  You can change this by adding your user to the 'vboxusers' group.  Please see the user manual for a more detailed explanation}, preserve=true  aResultDetail=0
00:02:10.201060 nspr-4   WARNING [COM]: aRC=NS_ERROR_FAILURE (0x80004005) aIID={16ced992-5fdc-4aba-aff5-6a39bbd7c38b} aComponent={HostWrap} aText={VirtualBox is not currently allowed to access USB devices.  You can change this by adding your user to the 'vboxusers' group.  Please see the user manual for a more detailed explanation}, preserve=true  aResultDetail=0
00:02:11.480123 nspr-3   WARNING [COM]: aRC=NS_ERROR_FAILURE (0x80004005) aIID={16ced992-5fdc-4aba-aff5-6a39bbd7c38b} aComponent={HostWrap} aText={VirtualBox is not currently allowed to access USB devices.  You can change this by adding your user to the 'vboxusers' group.  Please see the user manual for a more detailed explanation}, preserve=true  aResultDetail=0
00:02:11.966351 nspr-3   NetIfAdpCtlOut: VBoxNetAdpCtl: Error while retrieving link speed for wlp4s0: VBoxNetAdpCtl: ioctl failed: Operation not supported
00:02:11.976275 nspr-3   NetIfAdpCtlOut: VBoxNetAdpCtl: Error while retrieving link speed for wlp4s0: VBoxNetAdpCtl: ioctl failed: Operation not supported
00:02:11.991525 nspr-2   WARNING [COM]: aRC=NS_ERROR_FAILURE (0x80004005) aIID={16ced992-5fdc-4aba-aff5-6a39bbd7c38b} aComponent={HostWrap} aText={VirtualBox is not currently allowed to access USB devices.  You can change this by adding your user to the 'vboxusers' group.  Please see the user manual for a more detailed explanation}, preserve=true  aResultDetail=0
00:02:11.992055 nspr-3   WARNING [COM]: aRC=NS_ERROR_FAILURE (0x80004005) aIID={16ced992-5fdc-4aba-aff5-6a39bbd7c38b} aComponent={HostWrap} aText={VirtualBox is not currently allowed to access USB devices.  You can change this by adding your user to the 'vboxusers' group.  Please see the user manual for a more detailed explanation}, preserve=true  aResultDetail=0
00:02:12.200232 nspr-2   WARNING [COM]: aRC=NS_ERROR_FAILURE (0x80004005) aIID={16ced992-5fdc-4aba-aff5-6a39bbd7c38b} aComponent={HostWrap} aText={VirtualBox is not currently allowed to access USB devices.  You can change this by adding your user to the 'vboxusers' group.  Please see the user manual for a more detailed explanation}, preserve=true  aResultDetail=0
00:02:12.201010 nspr-2   WARNING [COM]: aRC=NS_ERROR_FAILURE (0x80004005) aIID={16ced992-5fdc-4aba-aff5-6a39bbd7c38b} aComponent={HostWrap} aText={VirtualBox is not currently allowed to access USB devices.  You can change this by adding your user to the 'vboxusers' group.  Please see the user manual for a more detailed explanation}, preserve=true  aResultDetail=0
00:02:21.971661 nspr-2   WARNING [COM]: aRC=NS_ERROR_FAILURE (0x80004005) aIID={16ced992-5fdc-4aba-aff5-6a39bbd7c38b} aComponent={HostWrap} aText={VirtualBox is not currently allowed to access USB devices.  You can change this by adding your user to the 'vboxusers' group.  Please see the user manual for a more detailed explanation}, preserve=true  aResultDetail=0
00:02:21.971899 nspr-2   Saving settings file "/media/natalie/D-Drive/Other Data/VirtualMachines/Linux/Linux.vbox" with version "1.16-linux"
00:02:22.063831 nspr-4   WARNING [COM]: aRC=NS_ERROR_FAILURE (0x80004005) aIID={16ced992-5fdc-4aba-aff5-6a39bbd7c38b} aComponent={HostWrap} aText={VirtualBox is not currently allowed to access USB devices.  You can change this by adding your user to the 'vboxusers' group.  Please see the user manual for a more detailed explanation}, preserve=true  aResultDetail=0
00:02:22.064849 nspr-4   WARNING [COM]: aRC=NS_ERROR_FAILURE (0x80004005) aIID={16ced992-5fdc-4aba-aff5-6a39bbd7c38b} aComponent={HostWrap} aText={VirtualBox is not currently allowed to access USB devices.  You can change this by adding your user to the 'vboxusers' group.  Please see the user manual for a more detailed explanation}, preserve=true  aResultDetail=0
00:02:23.451621 nspr-2   Launched VM: 536881408 pid: 60470 (0xec36) frontend: GUI/Qt name: Linux
00:02:23.493683 nspr-2   WARNING [COM]: aRC=NS_ERROR_FAILURE (0x80004005) aIID={16ced992-5fdc-4aba-aff5-6a39bbd7c38b} aComponent={HostWrap} aText={VirtualBox is not currently allowed to access USB devices.  You can change this by adding your user to the 'vboxusers' group.  Please see the user manual for a more detailed explanation}, preserve=true  aResultDetail=0
00:02:23.494805 nspr-2   WARNING [COM]: aRC=NS_ERROR_FAILURE (0x80004005) aIID={16ced992-5fdc-4aba-aff5-6a39bbd7c38b} aComponent={HostWrap} aText={VirtualBox is not currently allowed to access USB devices.  You can change this by adding your user to the 'vboxusers' group.  Please see the user manual for a more detailed explanation}, preserve=true  aResultDetail=0
00:02:23.693797 nspr-5   WARNING [COM]: aRC=NS_ERROR_FAILURE (0x80004005) aIID={16ced992-5fdc-4aba-aff5-6a39bbd7c38b} aComponent={HostWrap} aText={VirtualBox is not currently allowed to access USB devices.  You can change this by adding your user to the 'vboxusers' group.  Please see the user manual for a more detailed explanation}, preserve=true  aResultDetail=0
00:02:23.694655 nspr-5   WARNING [COM]: aRC=NS_ERROR_FAILURE (0x80004005) aIID={16ced992-5fdc-4aba-aff5-6a39bbd7c38b} aComponent={HostWrap} aText={VirtualBox is not currently allowed to access USB devices.  You can change this by adding your user to the 'vboxusers' group.  Please see the user manual for a more detailed explanation}, preserve=true  aResultDetail=0
00:02:24.092687 nspr-6   WARNING [COM]: aRC=NS_ERROR_FAILURE (0x80004005) aIID={16ced992-5fdc-4aba-aff5-6a39bbd7c38b} aComponent={HostWrap} aText={VirtualBox is not currently allowed to access USB devices.  You can change this by adding your user to the 'vboxusers' group.  Please see the user manual for a more detailed explanation}, preserve=true  aResultDetail=0
00:02:24.093542 nspr-3   WARNING [COM]: aRC=NS_ERROR_FAILURE (0x80004005) aIID={16ced992-5fdc-4aba-aff5-6a39bbd7c38b} aComponent={HostWrap} aText={VirtualBox is not currently allowed to access USB devices.  You can change this by adding your user to the 'vboxusers' group.  Please see the user manual for a more detailed explanation}, preserve=true  aResultDetail=0
00:02:24.093797 nspr-3   ERROR [COM]: aRC=VBOX_E_OBJECT_NOT_FOUND (0x80bb0001) aIID={70401eef-c8e9-466b-9660-45cb3e9979e4} aComponent={ExtPackManagerWrap} aText={No extension pack by the name 'Oracle VM VirtualBox Extension Pack' was found}, preserve=false aResultDetail=0
00:02:24.159738 nspr-4   WARNING [COM]: aRC=NS_ERROR_FAILURE (0x80004005) aIID={16ced992-5fdc-4aba-aff5-6a39bbd7c38b} aComponent={HostWrap} aText={VirtualBox is not currently allowed to access USB devices.  You can change this by adding your user to the 'vboxusers' group.  Please see the user manual for a more detailed explanation}, preserve=true  aResultDetail=0
00:02:24.160656 nspr-3   WARNING [COM]: aRC=NS_ERROR_FAILURE (0x80004005) aIID={16ced992-5fdc-4aba-aff5-6a39bbd7c38b} aComponent={HostWrap} aText={VirtualBox is not currently allowed to access USB devices.  You can change this by adding your user to the 'vboxusers' group.  Please see the user manual for a more detailed explanation}, preserve=true  aResultDetail=0
00:02:24.185752 nspr-3   ERROR [COM]: aRC=VBOX_E_IPRT_ERROR (0x80bb0005) aIID={85632c68-b5bb-4316-a900-5eb28d3413df} aComponent={SessionMachine} aText={Saved screenshot data is not available (VERR_NOT_SUPPORTED)}, preserve=false aResultDetail=-37
00:02:24.211546 nspr-4   NetIfAdpCtlOut: VBoxNetAdpCtl: Error while retrieving link speed for wlp4s0: VBoxNetAdpCtl: ioctl failed: Operation not supported
00:02:27.614023 nspr-5   Saving settings file "/home/natalie/.config/VirtualBox/VirtualBox.xml" with version "1.12-linux"
00:02:29.946037 nspr-4   Saving settings file "/home/natalie/.config/VirtualBox/VirtualBox.xml" with version "1.12-linux"
00:02:29.953274 nspr-6   Saving settings file "/media/natalie/D-Drive/Other Data/VirtualMachines/Linux/Linux.vbox" with version "1.16-linux"
00:02:29.994110 nspr-3   WARNING [COM]: aRC=NS_ERROR_FAILURE (0x80004005) aIID={16ced992-5fdc-4aba-aff5-6a39bbd7c38b} aComponent={HostWrap} aText={VirtualBox is not currently allowed to access USB devices.  You can change this by adding your user to the 'vboxusers' group.  Please see the user manual for a more detailed explanation}, preserve=true  aResultDetail=0
00:02:30.024274 nspr-4   WARNING [COM]: aRC=NS_ERROR_FAILURE (0x80004005) aIID={16ced992-5fdc-4aba-aff5-6a39bbd7c38b} aComponent={HostWrap} aText={VirtualBox is not currently allowed to access USB devices.  You can change this by adding your user to the 'vboxusers' group.  Please see the user manual for a more detailed explanation}, preserve=true  aResultDetail=0
00:02:30.025897 nspr-3   WARNING [COM]: aRC=NS_ERROR_FAILURE (0x80004005) aIID={16ced992-5fdc-4aba-aff5-6a39bbd7c38b} aComponent={HostWrap} aText={VirtualBox is not currently allowed to access USB devices.  You can change this by adding your user to the 'vboxusers' group.  Please see the user manual for a more detailed explanation}, preserve=true  aResultDetail=0
00:02:30.773895 nspr-2   WARNING [COM]: aRC=NS_ERROR_FAILURE (0x80004005) aIID={16ced992-5fdc-4aba-aff5-6a39bbd7c38b} aComponent={HostWrap} aText={VirtualBox is not currently allowed to access USB devices.  You can change this by adding your user to the 'vboxusers' group.  Please see the user manual for a more detailed explanation}, preserve=true  aResultDetail=0
00:02:30.774742 nspr-2   WARNING [COM]: aRC=NS_ERROR_FAILURE (0x80004005) aIID={16ced992-5fdc-4aba-aff5-6a39bbd7c38b} aComponent={HostWrap} aText={VirtualBox is not currently allowed to access USB devices.  You can change this by adding your user to the 'vboxusers' group.  Please see the user manual for a more detailed explanation}, preserve=true  aResultDetail=0
00:03:29.698536 nspr-5   Saving settings file "/media/natalie/D-Drive/Other Data/VirtualMachines/Linux/Linux.vbox" with version "1.16-linux"
00:03:29.757083 nspr-6   WARNING [COM]: aRC=NS_ERROR_FAILURE (0x80004005) aIID={16ced992-5fdc-4aba-aff5-6a39bbd7c38b} aComponent={HostWrap} aText={VirtualBox is not currently allowed to access USB devices.  You can change this by adding your user to the 'vboxusers' group.  Please see the user manual for a more detailed explanation}, preserve=true  aResultDetail=0
00:03:29.758073 nspr-6   WARNING [COM]: aRC=NS_ERROR_FAILURE (0x80004005) aIID={16ced992-5fdc-4aba-aff5-6a39bbd7c38b} aComponent={HostWrap} aText={VirtualBox is not currently allowed to access USB devices.  You can change this by adding your user to the 'vboxusers' group.  Please see the user manual for a more detailed explanation}, preserve=true  aResultDetail=0
00:05:37.862409 nspr-6   WARNING [COM]: aRC=NS_ERROR_FAILURE (0x80004005) aIID={16ced992-5fdc-4aba-aff5-6a39bbd7c38b} aComponent={HostWrap} aText={VirtualBox is not currently allowed to access USB devices.  You can change this by adding your user to the 'vboxusers' group.  Please see the user manual for a more detailed explanation}, preserve=true  aResultDetail=0
00:05:37.863536 nspr-6   WARNING [COM]: aRC=NS_ERROR_FAILURE (0x80004005) aIID={16ced992-5fdc-4aba-aff5-6a39bbd7c38b} aComponent={HostWrap} aText={VirtualBox is not currently allowed to access USB devices.  You can change this by adding your user to the 'vboxusers' group.  Please see the user manual for a more detailed explanation}, preserve=true  aResultDetail=0
00:05:37.954071 nspr-6   Saving settings file "/media/natalie/D-Drive/Other Data/VirtualMachines/Linux/Linux.vbox" with version "1.16-linux"
00:05:37.973261 nspr-5   Saving settings file "/media/natalie/D-Drive/Other Data/VirtualMachines/Linux/Linux.vbox" with version "1.16-linux"
00:05:37.987400 nspr-2   Saving settings file "/media/natalie/D-Drive/Other Data/VirtualMachines/Linux/Linux.vbox" with version "1.16-linux"
00:05:38.016920 nspr-5   WARNING [COM]: aRC=NS_ERROR_FAILURE (0x80004005) aIID={16ced992-5fdc-4aba-aff5-6a39bbd7c38b} aComponent={HostWrap} aText={VirtualBox is not currently allowed to access USB devices.  You can change this by adding your user to the 'vboxusers' group.  Please see the user manual for a more detailed explanation}, preserve=true  aResultDetail=0
00:05:38.017843 nspr-5   WARNING [COM]: aRC=NS_ERROR_FAILURE (0x80004005) aIID={16ced992-5fdc-4aba-aff5-6a39bbd7c38b} aComponent={HostWrap} aText={VirtualBox is not currently allowed to access USB devices.  You can change this by adding your user to the 'vboxusers' group.  Please see the user manual for a more detailed explanation}, preserve=true  aResultDetail=0
00:05:38.506399 nspr-8   WARNING [COM]: aRC=NS_ERROR_FAILURE (0x80004005) aIID={16ced992-5fdc-4aba-aff5-6a39bbd7c38b} aComponent={HostWrap} aText={VirtualBox is not currently allowed to access USB devices.  You can change this by adding your user to the 'vboxusers' group.  Please see the user manual for a more detailed explanation}, preserve=true  aResultDetail=0
00:05:38.507223 nspr-7   WARNING [COM]: aRC=NS_ERROR_FAILURE (0x80004005) aIID={16ced992-5fdc-4aba-aff5-6a39bbd7c38b} aComponent={HostWrap} aText={VirtualBox is not currently allowed to access USB devices.  You can change this by adding your user to the 'vboxusers' group.  Please see the user manual for a more detailed explanation}, preserve=true  aResultDetail=0
00:05:41.353115 nspr-6   Launched VM: 536886688 pid: 60859 (0xedbb) frontend: GUI/Qt name: Linux
00:05:41.397660 nspr-7   WARNING [COM]: aRC=NS_ERROR_FAILURE (0x80004005) aIID={16ced992-5fdc-4aba-aff5-6a39bbd7c38b} aComponent={HostWrap} aText={VirtualBox is not currently allowed to access USB devices.  You can change this by adding your user to the 'vboxusers' group.  Please see the user manual for a more detailed explanation}, preserve=true  aResultDetail=0
00:05:41.398669 nspr-7   WARNING [COM]: aRC=NS_ERROR_FAILURE (0x80004005) aIID={16ced992-5fdc-4aba-aff5-6a39bbd7c38b} aComponent={HostWrap} aText={VirtualBox is not currently allowed to access USB devices.  You can change this by adding your user to the 'vboxusers' group.  Please see the user manual for a more detailed explanation}, preserve=true  aResultDetail=0
00:05:41.713651 nspr-2   WARNING [COM]: aRC=NS_ERROR_FAILURE (0x80004005) aIID={16ced992-5fdc-4aba-aff5-6a39bbd7c38b} aComponent={HostWrap} aText={VirtualBox is not currently allowed to access USB devices.  You can change this by adding your user to the 'vboxusers' group.  Please see the user manual for a more detailed explanation}, preserve=true  aResultDetail=0
00:05:41.714904 nspr-6   WARNING [COM]: aRC=NS_ERROR_FAILURE (0x80004005) aIID={16ced992-5fdc-4aba-aff5-6a39bbd7c38b} aComponent={HostWrap} aText={VirtualBox is not currently allowed to access USB devices.  You can change this by adding your user to the 'vboxusers' group.  Please see the user manual for a more detailed explanation}, preserve=true  aResultDetail=0
00:05:42.182460 nspr-5   WARNING [COM]: aRC=NS_ERROR_FAILURE (0x80004005) aIID={16ced992-5fdc-4aba-aff5-6a39bbd7c38b} aComponent={HostWrap} aText={VirtualBox is not currently allowed to access USB devices.  You can change this by adding your user to the 'vboxusers' group.  Please see the user manual for a more detailed explanation}, preserve=true  aResultDetail=0
00:05:42.183245 nspr-4   WARNING [COM]: aRC=NS_ERROR_FAILURE (0x80004005) aIID={16ced992-5fdc-4aba-aff5-6a39bbd7c38b} aComponent={HostWrap} aText={VirtualBox is not currently allowed to access USB devices.  You can change this by adding your user to the 'vboxusers' group.  Please see the user manual for a more detailed explanation}, preserve=true  aResultDetail=0
00:05:42.183482 nspr-4   ERROR [COM]: aRC=VBOX_E_OBJECT_NOT_FOUND (0x80bb0001) aIID={70401eef-c8e9-466b-9660-45cb3e9979e4} aComponent={ExtPackManagerWrap} aText={No extension pack by the name 'Oracle VM VirtualBox Extension Pack' was found}, preserve=false aResultDetail=0
00:05:42.242391 nspr-8   WARNING [COM]: aRC=NS_ERROR_FAILURE (0x80004005) aIID={16ced992-5fdc-4aba-aff5-6a39bbd7c38b} aComponent={HostWrap} aText={VirtualBox is not currently allowed to access USB devices.  You can change this by adding your user to the 'vboxusers' group.  Please see the user manual for a more detailed explanation}, preserve=true  aResultDetail=0
00:05:42.243511 nspr-4   WARNING [COM]: aRC=NS_ERROR_FAILURE (0x80004005) aIID={16ced992-5fdc-4aba-aff5-6a39bbd7c38b} aComponent={HostWrap} aText={VirtualBox is not currently allowed to access USB devices.  You can change this by adding your user to the 'vboxusers' group.  Please see the user manual for a more detailed explanation}, preserve=true  aResultDetail=0
00:05:42.269254 nspr-4   ERROR [COM]: aRC=VBOX_E_IPRT_ERROR (0x80bb0005) aIID={85632c68-b5bb-4316-a900-5eb28d3413df} aComponent={SessionMachine} aText={Saved screenshot data is not available (VERR_NOT_SUPPORTED)}, preserve=false aResultDetail=-37
00:05:42.310678 nspr-5   NetIfAdpCtlOut: VBoxNetAdpCtl: Error while retrieving link speed for wlp4s0: VBoxNetAdpCtl: ioctl failed: Operation not supported
00:05:42.339817 nspr-6   WARNING [COM]: aRC=NS_ERROR_FAILURE (0x80004005) aIID={16ced992-5fdc-4aba-aff5-6a39bbd7c38b} aComponent={HostWrap} aText={VirtualBox is not currently allowed to access USB devices.  You can change this by adding your user to the 'vboxusers' group.  Please see the user manual for a more detailed explanation}, preserve=true  aResultDetail=0
00:05:42.368626 nspr-6   WARNING [COM]: aRC=NS_ERROR_FAILURE (0x80004005) aIID={16ced992-5fdc-4aba-aff5-6a39bbd7c38b} aComponent={HostWrap} aText={VirtualBox is not currently allowed to access USB devices.  You can change this by adding your user to the 'vboxusers' group.  Please see the user manual for a more detailed explanation}, preserve=true  aResultDetail=0
00:05:42.369713 nspr-8   WARNING [COM]: aRC=NS_ERROR_FAILURE (0x80004005) aIID={16ced992-5fdc-4aba-aff5-6a39bbd7c38b} aComponent={HostWrap} aText={VirtualBox is not currently allowed to access USB devices.  You can change this by adding your user to the 'vboxusers' group.  Please see the user manual for a more detailed explanation}, preserve=true  aResultDetail=0
00:05:43.126797 nspr-4   WARNING [COM]: aRC=NS_ERROR_FAILURE (0x80004005) aIID={16ced992-5fdc-4aba-aff5-6a39bbd7c38b} aComponent={HostWrap} aText={VirtualBox is not currently allowed to access USB devices.  You can change this by adding your user to the 'vboxusers' group.  Please see the user manual for a more detailed explanation}, preserve=true  aResultDetail=0
00:05:43.128326 nspr-4   WARNING [COM]: aRC=NS_ERROR_FAILURE (0x80004005) aIID={16ced992-5fdc-4aba-aff5-6a39bbd7c38b} aComponent={HostWrap} aText={VirtualBox is not currently allowed to access USB devices.  You can change this by adding your user to the 'vboxusers' group.  Please see the user manual for a more detailed explanation}, preserve=true  aResultDetail=0
00:05:53.202562 nspr-4   WARNING [COM]: aRC=NS_ERROR_FAILURE (0x80004005) aIID={16ced992-5fdc-4aba-aff5-6a39bbd7c38b} aComponent={HostWrap} aText={VirtualBox is not currently allowed to access USB devices.  You can change this by adding your user to the 'vboxusers' group.  Please see the user manual for a more detailed explanation}, preserve=true  aResultDetail=0
00:05:53.203750 nspr-4   WARNING [COM]: aRC=NS_ERROR_FAILURE (0x80004005) aIID={16ced992-5fdc-4aba-aff5-6a39bbd7c38b} aComponent={HostWrap} aText={VirtualBox is not currently allowed to access USB devices.  You can change this by adding your user to the 'vboxusers' group.  Please see the user manual for a more detailed explanation}, preserve=true  aResultDetail=0
00:05:53.278743 nspr-4   Saving settings file "/media/natalie/D-Drive/Other Data/VirtualMachines/Linux/Linux.vbox" with version "1.16-linux"
00:05:53.333451 nspr-2   WARNING [COM]: aRC=NS_ERROR_FAILURE (0x80004005) aIID={16ced992-5fdc-4aba-aff5-6a39bbd7c38b} aComponent={HostWrap} aText={VirtualBox is not currently allowed to access USB devices.  You can change this by adding your user to the 'vboxusers' group.  Please see the user manual for a more detailed explanation}, preserve=true  aResultDetail=0
00:05:53.334487 nspr-2   WARNING [COM]: aRC=NS_ERROR_FAILURE (0x80004005) aIID={16ced992-5fdc-4aba-aff5-6a39bbd7c38b} aComponent={HostWrap} aText={VirtualBox is not currently allowed to access USB devices.  You can change this by adding your user to the 'vboxusers' group.  Please see the user manual for a more detailed explanation}, preserve=true  aResultDetail=0
00:05:53.822968 nspr-2   WARNING [COM]: aRC=NS_ERROR_FAILURE (0x80004005) aIID={16ced992-5fdc-4aba-aff5-6a39bbd7c38b} aComponent={HostWrap} aText={VirtualBox is not currently allowed to access USB devices.  You can change this by adding your user to the 'vboxusers' group.  Please see the user manual for a more detailed explanation}, preserve=true  aResultDetail=0
00:05:53.824008 nspr-2   WARNING [COM]: aRC=NS_ERROR_FAILURE (0x80004005) aIID={16ced992-5fdc-4aba-aff5-6a39bbd7c38b} aComponent={HostWrap} aText={VirtualBox is not currently allowed to access USB devices.  You can change this by adding your user to the 'vboxusers' group.  Please see the user manual for a more detailed explanation}, preserve=true  aResultDetail=0
00:05:55.580104 nspr-8   WARNING [COM]: aRC=NS_ERROR_FAILURE (0x80004005) aIID={16ced992-5fdc-4aba-aff5-6a39bbd7c38b} aComponent={HostWrap} aText={VirtualBox is not currently allowed to access USB devices.  You can change this by adding your user to the 'vboxusers' group.  Please see the user manual for a more detailed explanation}, preserve=true  aResultDetail=0
00:05:56.041197 nspr-2   NetIfAdpCtlOut: VBoxNetAdpCtl: Error while retrieving link speed for wlp4s0: VBoxNetAdpCtl: ioctl failed: Operation not supported
00:05:56.051431 nspr-7   NetIfAdpCtlOut: VBoxNetAdpCtl: Error while retrieving link speed for wlp4s0: VBoxNetAdpCtl: ioctl failed: Operation not supported
00:05:56.064427 nspr-6   WARNING [COM]: aRC=NS_ERROR_FAILURE (0x80004005) aIID={16ced992-5fdc-4aba-aff5-6a39bbd7c38b} aComponent={HostWrap} aText={VirtualBox is not currently allowed to access USB devices.  You can change this by adding your user to the 'vboxusers' group.  Please see the user manual for a more detailed explanation}, preserve=true  aResultDetail=0
00:05:56.065094 nspr-3   WARNING [COM]: aRC=NS_ERROR_FAILURE (0x80004005) aIID={16ced992-5fdc-4aba-aff5-6a39bbd7c38b} aComponent={HostWrap} aText={VirtualBox is not currently allowed to access USB devices.  You can change this by adding your user to the 'vboxusers' group.  Please see the user manual for a more detailed explanation}, preserve=true  aResultDetail=0
00:05:56.289914 nspr-2   WARNING [COM]: aRC=NS_ERROR_FAILURE (0x80004005) aIID={16ced992-5fdc-4aba-aff5-6a39bbd7c38b} aComponent={HostWrap} aText={VirtualBox is not currently allowed to access USB devices.  You can change this by adding your user to the 'vboxusers' group.  Please see the user manual for a more detailed explanation}, preserve=true  aResultDetail=0
00:05:56.292128 nspr-4   WARNING [COM]: aRC=NS_ERROR_FAILURE (0x80004005) aIID={16ced992-5fdc-4aba-aff5-6a39bbd7c38b} aComponent={HostWrap} aText={VirtualBox is not currently allowed to access USB devices.  You can change this by adding your user to the 'vboxusers' group.  Please see the user manual for a more detailed explanation}, preserve=true  aResultDetail=0
00:06:08.117428 nspr-3   Launched VM: 536897792 pid: 60961 (0xee21) frontend: GUI/Qt name: Linux
00:06:08.161766 nspr-6   WARNING [COM]: aRC=NS_ERROR_FAILURE (0x80004005) aIID={16ced992-5fdc-4aba-aff5-6a39bbd7c38b} aComponent={HostWrap} aText={VirtualBox is not currently allowed to access USB devices.  You can change this by adding your user to the 'vboxusers' group.  Please see the user manual for a more detailed explanation}, preserve=true  aResultDetail=0
00:06:08.163059 nspr-6   WARNING [COM]: aRC=NS_ERROR_FAILURE (0x80004005) aIID={16ced992-5fdc-4aba-aff5-6a39bbd7c38b} aComponent={HostWrap} aText={VirtualBox is not currently allowed to access USB devices.  You can change this by adding your user to the 'vboxusers' group.  Please see the user manual for a more detailed explanation}, preserve=true  aResultDetail=0
00:06:08.348402 nspr-8   WARNING [COM]: aRC=NS_ERROR_FAILURE (0x80004005) aIID={16ced992-5fdc-4aba-aff5-6a39bbd7c38b} aComponent={HostWrap} aText={VirtualBox is not currently allowed to access USB devices.  You can change this by adding your user to the 'vboxusers' group.  Please see the user manual for a more detailed explanation}, preserve=true  aResultDetail=0
00:06:08.349174 nspr-3   WARNING [COM]: aRC=NS_ERROR_FAILURE (0x80004005) aIID={16ced992-5fdc-4aba-aff5-6a39bbd7c38b} aComponent={HostWrap} aText={VirtualBox is not currently allowed to access USB devices.  You can change this by adding your user to the 'vboxusers' group.  Please see the user manual for a more detailed explanation}, preserve=true  aResultDetail=0
00:06:08.763168 nspr-4   WARNING [COM]: aRC=NS_ERROR_FAILURE (0x80004005) aIID={16ced992-5fdc-4aba-aff5-6a39bbd7c38b} aComponent={HostWrap} aText={VirtualBox is not currently allowed to access USB devices.  You can change this by adding your user to the 'vboxusers' group.  Please see the user manual for a more detailed explanation}, preserve=true  aResultDetail=0
00:06:08.764002 nspr-2   WARNING [COM]: aRC=NS_ERROR_FAILURE (0x80004005) aIID={16ced992-5fdc-4aba-aff5-6a39bbd7c38b} aComponent={HostWrap} aText={VirtualBox is not currently allowed to access USB devices.  You can change this by adding your user to the 'vboxusers' group.  Please see the user manual for a more detailed explanation}, preserve=true  aResultDetail=0
00:06:08.764255 nspr-2   ERROR [COM]: aRC=VBOX_E_OBJECT_NOT_FOUND (0x80bb0001) aIID={70401eef-c8e9-466b-9660-45cb3e9979e4} aComponent={ExtPackManagerWrap} aText={No extension pack by the name 'Oracle VM VirtualBox Extension Pack' was found}, preserve=false aResultDetail=0
00:06:08.813875 nspr-6   WARNING [COM]: aRC=NS_ERROR_FAILURE (0x80004005) aIID={16ced992-5fdc-4aba-aff5-6a39bbd7c38b} aComponent={HostWrap} aText={VirtualBox is not currently allowed to access USB devices.  You can change this by adding your user to the 'vboxusers' group.  Please see the user manual for a more detailed explanation}, preserve=true  aResultDetail=0
00:06:08.814696 nspr-3   WARNING [COM]: aRC=NS_ERROR_FAILURE (0x80004005) aIID={16ced992-5fdc-4aba-aff5-6a39bbd7c38b} aComponent={HostWrap} aText={VirtualBox is not currently allowed to access USB devices.  You can change this by adding your user to the 'vboxusers' group.  Please see the user manual for a more detailed explanation}, preserve=true  aResultDetail=0
00:06:08.836874 nspr-3   ERROR [COM]: aRC=VBOX_E_IPRT_ERROR (0x80bb0005) aIID={85632c68-b5bb-4316-a900-5eb28d3413df} aComponent={SessionMachine} aText={Saved screenshot data is not available (VERR_NOT_SUPPORTED)}, preserve=false aResultDetail=-37
00:06:08.873748 nspr-4   NetIfAdpCtlOut: VBoxNetAdpCtl: Error while retrieving link speed for wlp4s0: VBoxNetAdpCtl: ioctl failed: Operation not supported
00:06:08.906759 nspr-5   WARNING [COM]: aRC=NS_ERROR_FAILURE (0x80004005) aIID={16ced992-5fdc-4aba-aff5-6a39bbd7c38b} aComponent={HostWrap} aText={VirtualBox is not currently allowed to access USB devices.  You can change this by adding your user to the 'vboxusers' group.  Please see the user manual for a more detailed explanation}, preserve=true  aResultDetail=0
00:06:08.929000 nspr-8   WARNING [COM]: aRC=NS_ERROR_FAILURE (0x80004005) aIID={16ced992-5fdc-4aba-aff5-6a39bbd7c38b} aComponent={HostWrap} aText={VirtualBox is not currently allowed to access USB devices.  You can change this by adding your user to the 'vboxusers' group.  Please see the user manual for a more detailed explanation}, preserve=true  aResultDetail=0
00:06:08.930159 nspr-4   WARNING [COM]: aRC=NS_ERROR_FAILURE (0x80004005) aIID={16ced992-5fdc-4aba-aff5-6a39bbd7c38b} aComponent={HostWrap} aText={VirtualBox is not currently allowed to access USB devices.  You can change this by adding your user to the 'vboxusers' group.  Please see the user manual for a more detailed explanation}, preserve=true  aResultDetail=0
00:06:09.693153 nspr-2   WARNING [COM]: aRC=NS_ERROR_FAILURE (0x80004005) aIID={16ced992-5fdc-4aba-aff5-6a39bbd7c38b} aComponent={HostWrap} aText={VirtualBox is not currently allowed to access USB devices.  You can change this by adding your user to the 'vboxusers' group.  Please see the user manual for a more detailed explanation}, preserve=true  aResultDetail=0
00:06:09.694680 nspr-2   WARNING [COM]: aRC=NS_ERROR_FAILURE (0x80004005) aIID={16ced992-5fdc-4aba-aff5-6a39bbd7c38b} aComponent={HostWrap} aText={VirtualBox is not currently allowed to access USB devices.  You can change this by adding your user to the 'vboxusers' group.  Please see the user manual for a more detailed explanation}, preserve=true  aResultDetail=0
00:09:27.010583 nspr-5   WARNING [COM]: aRC=NS_ERROR_FAILURE (0x80004005) aIID={16ced992-5fdc-4aba-aff5-6a39bbd7c38b} aComponent={HostWrap} aText={VirtualBox is not currently allowed to access USB devices.  You can change this by adding your user to the 'vboxusers' group.  Please see the user manual for a more detailed explanation}, preserve=true  aResultDetail=0
00:09:27.012611 nspr-5   WARNING [COM]: aRC=NS_ERROR_FAILURE (0x80004005) aIID={16ced992-5fdc-4aba-aff5-6a39bbd7c38b} aComponent={HostWrap} aText={VirtualBox is not currently allowed to access USB devices.  You can change this by adding your user to the 'vboxusers' group.  Please see the user manual for a more detailed explanation}, preserve=true  aResultDetail=0
00:09:28.455459 nspr-4   Saving settings file "/media/natalie/D-Drive/Other Data/VirtualMachines/Linux/Linux.vbox" with version "1.16-linux"
00:09:28.516456 nspr-7   WARNING [COM]: aRC=NS_ERROR_FAILURE (0x80004005) aIID={16ced992-5fdc-4aba-aff5-6a39bbd7c38b} aComponent={HostWrap} aText={VirtualBox is not currently allowed to access USB devices.  You can change this by adding your user to the 'vboxusers' group.  Please see the user manual for a more detailed explanation}, preserve=true  aResultDetail=0
00:09:28.517943 nspr-2   WARNING [COM]: aRC=NS_ERROR_FAILURE (0x80004005) aIID={16ced992-5fdc-4aba-aff5-6a39bbd7c38b} aComponent={HostWrap} aText={VirtualBox is not currently allowed to access USB devices.  You can change this by adding your user to the 'vboxusers' group.  Please see the user manual for a more detailed explanation}, preserve=true  aResultDetail=0
00:09:28.620414 nspr-2   Saving settings file "/media/natalie/D-Drive/Other Data/VirtualMachines/Linux/Linux.vbox" with version "1.16-linux"
00:09:28.652360 nspr-3   WARNING [COM]: aRC=NS_ERROR_FAILURE (0x80004005) aIID={16ced992-5fdc-4aba-aff5-6a39bbd7c38b} aComponent={HostWrap} aText={VirtualBox is not currently allowed to access USB devices.  You can change this by adding your user to the 'vboxusers' group.  Please see the user manual for a more detailed explanation}, preserve=true  aResultDetail=0
00:09:28.653342 nspr-8   WARNING [COM]: aRC=NS_ERROR_FAILURE (0x80004005) aIID={16ced992-5fdc-4aba-aff5-6a39bbd7c38b} aComponent={HostWrap} aText={VirtualBox is not currently allowed to access USB devices.  You can change this by adding your user to the 'vboxusers' group.  Please see the user manual for a more detailed explanation}, preserve=true  aResultDetail=0
00:09:29.221513 nspr-7   Saving settings file "/media/natalie/D-Drive/Other Data/VirtualMachines/Linux/Linux.vbox" with version "1.16-linux"
00:09:29.248336 nspr-4   WARNING [COM]: aRC=NS_ERROR_FAILURE (0x80004005) aIID={16ced992-5fdc-4aba-aff5-6a39bbd7c38b} aComponent={HostWrap} aText={VirtualBox is not currently allowed to access USB devices.  You can change this by adding your user to the 'vboxusers' group.  Please see the user manual for a more detailed explanation}, preserve=true  aResultDetail=0
00:09:29.249786 nspr-4   WARNING [COM]: aRC=NS_ERROR_FAILURE (0x80004005) aIID={16ced992-5fdc-4aba-aff5-6a39bbd7c38b} aComponent={HostWrap} aText={VirtualBox is not currently allowed to access USB devices.  You can change this by adding your user to the 'vboxusers' group.  Please see the user manual for a more detailed explanation}, preserve=true  aResultDetail=0
00:09:29.669675 nspr-5   WARNING [COM]: aRC=NS_ERROR_FAILURE (0x80004005) aIID={16ced992-5fdc-4aba-aff5-6a39bbd7c38b} aComponent={HostWrap} aText={VirtualBox is not currently allowed to access USB devices.  You can change this by adding your user to the 'vboxusers' group.  Please see the user manual for a more detailed explanation}, preserve=true  aResultDetail=0
00:09:29.671254 nspr-5   WARNING [COM]: aRC=NS_ERROR_FAILURE (0x80004005) aIID={16ced992-5fdc-4aba-aff5-6a39bbd7c38b} aComponent={HostWrap} aText={VirtualBox is not currently allowed to access USB devices.  You can change this by adding your user to the 'vboxusers' group.  Please see the user manual for a more detailed explanation}, preserve=true  aResultDetail=0
00:09:44.305300 nspr-7   Saving settings file "/home/natalie/.config/VirtualBox/VirtualBox.xml" with version "1.12-linux"
00:10:05.228281 createBase Saving settings file "/home/natalie/.config/VirtualBox/VirtualBox.xml" with version "1.12-linux"
00:10:05.762502 nspr-2   Saving settings file "/media/natalie/D-Drive/Other Data/VirtualMachines/Arch/Arch.vbox" with version "1.16-linux"
00:10:05.764328 nspr-6   WARNING [COM]: aRC=NS_ERROR_FAILURE (0x80004005) aIID={16ced992-5fdc-4aba-aff5-6a39bbd7c38b} aComponent={HostWrap} aText={VirtualBox is not currently allowed to access USB devices.  You can change this by adding your user to the 'vboxusers' group.  Please see the user manual for a more detailed explanation}, preserve=true  aResultDetail=0
00:10:05.765076 nspr-7   Saving settings file "/media/natalie/D-Drive/Other Data/VirtualMachines/Arch/Arch.vbox" with version "1.16-linux"
00:10:05.766993 nspr-7   Saving settings file "/home/natalie/.config/VirtualBox/VirtualBox.xml" with version "1.12-linux"
00:10:05.770209 nspr-3   Saving settings file "/home/natalie/.config/VirtualBox/VirtualBox.xml" with version "1.12-linux"
00:10:05.773032 nspr-6   Saving settings file "/media/natalie/D-Drive/Other Data/VirtualMachines/Arch/Arch.vbox" with version "1.16-linux"
00:10:06.157382 nspr-6   WARNING [COM]: aRC=NS_ERROR_FAILURE (0x80004005) aIID={16ced992-5fdc-4aba-aff5-6a39bbd7c38b} aComponent={HostWrap} aText={VirtualBox is not currently allowed to access USB devices.  You can change this by adding your user to the 'vboxusers' group.  Please see the user manual for a more detailed explanation}, preserve=true  aResultDetail=0
00:10:06.311479 nspr-4   WARNING [COM]: aRC=NS_ERROR_FAILURE (0x80004005) aIID={16ced992-5fdc-4aba-aff5-6a39bbd7c38b} aComponent={HostWrap} aText={VirtualBox is not currently allowed to access USB devices.  You can change this by adding your user to the 'vboxusers' group.  Please see the user manual for a more detailed explanation}, preserve=true  aResultDetail=0
00:10:06.312495 nspr-7   WARNING [COM]: aRC=NS_ERROR_FAILURE (0x80004005) aIID={16ced992-5fdc-4aba-aff5-6a39bbd7c38b} aComponent={HostWrap} aText={VirtualBox is not currently allowed to access USB devices.  You can change this by adding your user to the 'vboxusers' group.  Please see the user manual for a more detailed explanation}, preserve=true  aResultDetail=0
00:10:07.237031 nspr-5   WARNING [COM]: aRC=NS_ERROR_FAILURE (0x80004005) aIID={16ced992-5fdc-4aba-aff5-6a39bbd7c38b} aComponent={HostWrap} aText={VirtualBox is not currently allowed to access USB devices.  You can change this by adding your user to the 'vboxusers' group.  Please see the user manual for a more detailed explanation}, preserve=true  aResultDetail=0
00:10:07.692583 nspr-4   NetIfAdpCtlOut: VBoxNetAdpCtl: Error while retrieving link speed for wlp4s0: VBoxNetAdpCtl: ioctl failed: Operation not supported
00:10:07.704379 nspr-7   NetIfAdpCtlOut: VBoxNetAdpCtl: Error while retrieving link speed for wlp4s0: VBoxNetAdpCtl: ioctl failed: Operation not supported
00:10:07.716552 nspr-3   WARNING [COM]: aRC=NS_ERROR_FAILURE (0x80004005) aIID={16ced992-5fdc-4aba-aff5-6a39bbd7c38b} aComponent={HostWrap} aText={VirtualBox is not currently allowed to access USB devices.  You can change this by adding your user to the 'vboxusers' group.  Please see the user manual for a more detailed explanation}, preserve=true  aResultDetail=0
00:10:07.717002 nspr-6   WARNING [COM]: aRC=NS_ERROR_FAILURE (0x80004005) aIID={16ced992-5fdc-4aba-aff5-6a39bbd7c38b} aComponent={HostWrap} aText={VirtualBox is not currently allowed to access USB devices.  You can change this by adding your user to the 'vboxusers' group.  Please see the user manual for a more detailed explanation}, preserve=true  aResultDetail=0
00:10:07.924955 nspr-8   WARNING [COM]: aRC=NS_ERROR_FAILURE (0x80004005) aIID={16ced992-5fdc-4aba-aff5-6a39bbd7c38b} aComponent={HostWrap} aText={VirtualBox is not currently allowed to access USB devices.  You can change this by adding your user to the 'vboxusers' group.  Please see the user manual for a more detailed explanation}, preserve=true  aResultDetail=0
00:10:07.925757 nspr-2   WARNING [COM]: aRC=NS_ERROR_FAILURE (0x80004005) aIID={16ced992-5fdc-4aba-aff5-6a39bbd7c38b} aComponent={HostWrap} aText={VirtualBox is not currently allowed to access USB devices.  You can change this by adding your user to the 'vboxusers' group.  Please see the user manual for a more detailed explanation}, preserve=true  aResultDetail=0
00:10:15.646208 nspr-5   WARNING [COM]: aRC=NS_ERROR_FAILURE (0x80004005) aIID={16ced992-5fdc-4aba-aff5-6a39bbd7c38b} aComponent={HostWrap} aText={VirtualBox is not currently allowed to access USB devices.  You can change this by adding your user to the 'vboxusers' group.  Please see the user manual for a more detailed explanation}, preserve=true  aResultDetail=0
00:10:15.646966 nspr-3   Saving settings file "/media/natalie/D-Drive/Other Data/VirtualMachines/Arch/Arch.vbox" with version "1.16-linux"
00:10:15.761044 nspr-8   WARNING [COM]: aRC=NS_ERROR_FAILURE (0x80004005) aIID={16ced992-5fdc-4aba-aff5-6a39bbd7c38b} aComponent={HostWrap} aText={VirtualBox is not currently allowed to access USB devices.  You can change this by adding your user to the 'vboxusers' group.  Please see the user manual for a more detailed explanation}, preserve=true  aResultDetail=0
00:10:15.761966 nspr-3   WARNING [COM]: aRC=NS_ERROR_FAILURE (0x80004005) aIID={16ced992-5fdc-4aba-aff5-6a39bbd7c38b} aComponent={HostWrap} aText={VirtualBox is not currently allowed to access USB devices.  You can change this by adding your user to the 'vboxusers' group.  Please see the user manual for a more detailed explanation}, preserve=true  aResultDetail=0
00:10:16.538034 nspr-6   Launched VM: 4160753760 pid: 61623 (0xf0b7) frontend: GUI/Qt name: Arch
00:10:16.579352 nspr-6   WARNING [COM]: aRC=NS_ERROR_FAILURE (0x80004005) aIID={16ced992-5fdc-4aba-aff5-6a39bbd7c38b} aComponent={HostWrap} aText={VirtualBox is not currently allowed to access USB devices.  You can change this by adding your user to the 'vboxusers' group.  Please see the user manual for a more detailed explanation}, preserve=true  aResultDetail=0
00:10:16.580884 nspr-6   WARNING [COM]: aRC=NS_ERROR_FAILURE (0x80004005) aIID={16ced992-5fdc-4aba-aff5-6a39bbd7c38b} aComponent={HostWrap} aText={VirtualBox is not currently allowed to access USB devices.  You can change this by adding your user to the 'vboxusers' group.  Please see the user manual for a more detailed explanation}, preserve=true  aResultDetail=0
00:10:16.882274 nspr-3   WARNING [COM]: aRC=NS_ERROR_FAILURE (0x80004005) aIID={16ced992-5fdc-4aba-aff5-6a39bbd7c38b} aComponent={HostWrap} aText={VirtualBox is not currently allowed to access USB devices.  You can change this by adding your user to the 'vboxusers' group.  Please see the user manual for a more detailed explanation}, preserve=true  aResultDetail=0
00:10:16.883469 nspr-5   WARNING [COM]: aRC=NS_ERROR_FAILURE (0x80004005) aIID={16ced992-5fdc-4aba-aff5-6a39bbd7c38b} aComponent={HostWrap} aText={VirtualBox is not currently allowed to access USB devices.  You can change this by adding your user to the 'vboxusers' group.  Please see the user manual for a more detailed explanation}, preserve=true  aResultDetail=0
00:10:17.305712 nspr-5   WARNING [COM]: aRC=NS_ERROR_FAILURE (0x80004005) aIID={16ced992-5fdc-4aba-aff5-6a39bbd7c38b} aComponent={HostWrap} aText={VirtualBox is not currently allowed to access USB devices.  You can change this by adding your user to the 'vboxusers' group.  Please see the user manual for a more detailed explanation}, preserve=true  aResultDetail=0
00:10:17.306598 nspr-7   WARNING [COM]: aRC=NS_ERROR_FAILURE (0x80004005) aIID={16ced992-5fdc-4aba-aff5-6a39bbd7c38b} aComponent={HostWrap} aText={VirtualBox is not currently allowed to access USB devices.  You can change this by adding your user to the 'vboxusers' group.  Please see the user manual for a more detailed explanation}, preserve=true  aResultDetail=0
00:10:17.306883 nspr-7   ERROR [COM]: aRC=VBOX_E_OBJECT_NOT_FOUND (0x80bb0001) aIID={70401eef-c8e9-466b-9660-45cb3e9979e4} aComponent={ExtPackManagerWrap} aText={No extension pack by the name 'Oracle VM VirtualBox Extension Pack' was found}, preserve=false aResultDetail=0
00:10:17.349236 nspr-7   WARNING [COM]: aRC=NS_ERROR_FAILURE (0x80004005) aIID={16ced992-5fdc-4aba-aff5-6a39bbd7c38b} aComponent={HostWrap} aText={VirtualBox is not currently allowed to access USB devices.  You can change this by adding your user to the 'vboxusers' group.  Please see the user manual for a more detailed explanation}, preserve=true  aResultDetail=0
00:10:17.349969 nspr-3   WARNING [COM]: aRC=NS_ERROR_FAILURE (0x80004005) aIID={16ced992-5fdc-4aba-aff5-6a39bbd7c38b} aComponent={HostWrap} aText={VirtualBox is not currently allowed to access USB devices.  You can change this by adding your user to the 'vboxusers' group.  Please see the user manual for a more detailed explanation}, preserve=true  aResultDetail=0
00:10:17.380741 nspr-3   ERROR [COM]: aRC=VBOX_E_IPRT_ERROR (0x80bb0005) aIID={85632c68-b5bb-4316-a900-5eb28d3413df} aComponent={SessionMachine} aText={Saved screenshot data is not available (VERR_NOT_SUPPORTED)}, preserve=false aResultDetail=-37
00:10:17.415077 nspr-8   NetIfAdpCtlOut: VBoxNetAdpCtl: Error while retrieving link speed for wlp4s0: VBoxNetAdpCtl: ioctl failed: Operation not supported
00:10:19.204644 nspr-4   Saving settings file "/media/natalie/D-Drive/Other Data/VirtualMachines/Arch/Arch.vbox" with version "1.16-linux"
00:10:19.255753 nspr-6   WARNING [COM]: aRC=NS_ERROR_FAILURE (0x80004005) aIID={16ced992-5fdc-4aba-aff5-6a39bbd7c38b} aComponent={HostWrap} aText={VirtualBox is not currently allowed to access USB devices.  You can change this by adding your user to the 'vboxusers' group.  Please see the user manual for a more detailed explanation}, preserve=true  aResultDetail=0
00:10:19.278374 nspr-7   WARNING [COM]: aRC=NS_ERROR_FAILURE (0x80004005) aIID={16ced992-5fdc-4aba-aff5-6a39bbd7c38b} aComponent={HostWrap} aText={VirtualBox is not currently allowed to access USB devices.  You can change this by adding your user to the 'vboxusers' group.  Please see the user manual for a more detailed explanation}, preserve=true  aResultDetail=0
00:10:19.279482 nspr-3   WARNING [COM]: aRC=NS_ERROR_FAILURE (0x80004005) aIID={16ced992-5fdc-4aba-aff5-6a39bbd7c38b} aComponent={HostWrap} aText={VirtualBox is not currently allowed to access USB devices.  You can change this by adding your user to the 'vboxusers' group.  Please see the user manual for a more detailed explanation}, preserve=true  aResultDetail=0
00:10:20.050509 nspr-5   WARNING [COM]: aRC=NS_ERROR_FAILURE (0x80004005) aIID={16ced992-5fdc-4aba-aff5-6a39bbd7c38b} aComponent={HostWrap} aText={VirtualBox is not currently allowed to access USB devices.  You can change this by adding your user to the 'vboxusers' group.  Please see the user manual for a more detailed explanation}, preserve=true  aResultDetail=0
00:10:20.051986 nspr-5   WARNING [COM]: aRC=NS_ERROR_FAILURE (0x80004005) aIID={16ced992-5fdc-4aba-aff5-6a39bbd7c38b} aComponent={HostWrap} aText={VirtualBox is not currently allowed to access USB devices.  You can change this by adding your user to the 'vboxusers' group.  Please see the user manual for a more detailed explanation}, preserve=true  aResultDetail=0
00:13:56.367939 nspr-6   WARNING [COM]: aRC=NS_ERROR_FAILURE (0x80004005) aIID={16ced992-5fdc-4aba-aff5-6a39bbd7c38b} aComponent={HostWrap} aText={VirtualBox is not currently allowed to access USB devices.  You can change this by adding your user to the 'vboxusers' group.  Please see the user manual for a more detailed explanation}, preserve=true  aResultDetail=0
00:13:56.369291 nspr-6   WARNING [COM]: aRC=NS_ERROR_FAILURE (0x80004005) aIID={16ced992-5fdc-4aba-aff5-6a39bbd7c38b} aComponent={HostWrap} aText={VirtualBox is not currently allowed to access USB devices.  You can change this by adding your user to the 'vboxusers' group.  Please see the user manual for a more detailed explanation}, preserve=true  aResultDetail=0
00:13:59.871888 nspr-5   WARNING [COM]: aRC=NS_ERROR_FAILURE (0x80004005) aIID={16ced992-5fdc-4aba-aff5-6a39bbd7c38b} aComponent={HostWrap} aText={VirtualBox is not currently allowed to access USB devices.  You can change this by adding your user to the 'vboxusers' group.  Please see the user manual for a more detailed explanation}, preserve=true  aResultDetail=0
00:13:59.873077 nspr-5   WARNING [COM]: aRC=NS_ERROR_FAILURE (0x80004005) aIID={16ced992-5fdc-4aba-aff5-6a39bbd7c38b} aComponent={HostWrap} aText={VirtualBox is not currently allowed to access USB devices.  You can change this by adding your user to the 'vboxusers' group.  Please see the user manual for a more detailed explanation}, preserve=true  aResultDetail=0
00:17:40.727758 nspr-2   WARNING [COM]: aRC=NS_ERROR_FAILURE (0x80004005) aIID={16ced992-5fdc-4aba-aff5-6a39bbd7c38b} aComponent={HostWrap} aText={VirtualBox is not currently allowed to access USB devices.  You can change this by adding your user to the 'vboxusers' group.  Please see the user manual for a more detailed explanation}, preserve=true  aResultDetail=0
00:17:40.728890 nspr-2   WARNING [COM]: aRC=NS_ERROR_FAILURE (0x80004005) aIID={16ced992-5fdc-4aba-aff5-6a39bbd7c38b} aComponent={HostWrap} aText={VirtualBox is not currently allowed to access USB devices.  You can change this by adding your user to the 'vboxusers' group.  Please see the user manual for a more detailed explanation}, preserve=true  aResultDetail=0
00:17:42.375081 nspr-7   Saving settings file "/media/natalie/D-Drive/Other Data/VirtualMachines/Arch/Arch.vbox" with version "1.16-linux"
00:17:42.447282 nspr-4   WARNING [COM]: aRC=NS_ERROR_FAILURE (0x80004005) aIID={16ced992-5fdc-4aba-aff5-6a39bbd7c38b} aComponent={HostWrap} aText={VirtualBox is not currently allowed to access USB devices.  You can change this by adding your user to the 'vboxusers' group.  Please see the user manual for a more detailed explanation}, preserve=true  aResultDetail=0
00:17:42.451469 nspr-7   WARNING [COM]: aRC=NS_ERROR_FAILURE (0x80004005) aIID={16ced992-5fdc-4aba-aff5-6a39bbd7c38b} aComponent={HostWrap} aText={VirtualBox is not currently allowed to access USB devices.  You can change this by adding your user to the 'vboxusers' group.  Please see the user manual for a more detailed explanation}, preserve=true  aResultDetail=0
00:17:54.393648 nspr-3   Saving settings file "/media/natalie/D-Drive/Other Data/VirtualMachines/Arch/Arch.vbox" with version "1.16-linux"
00:17:54.443754 nspr-5   ERROR [COM]: aRC=VBOX_E_IPRT_ERROR (0x80bb0005) aIID={85632c68-b5bb-4316-a900-5eb28d3413df} aComponent={MachineWrap} aText={Saved screenshot thumbnail data is not available (VERR_NOT_SUPPORTED)}, preserve=false aResultDetail=-37
00:17:54.462412 nspr-4   ERROR [COM]: aRC=VBOX_E_IPRT_ERROR (0x80bb0005) aIID={85632c68-b5bb-4316-a900-5eb28d3413df} aComponent={MachineWrap} aText={Saved screenshot thumbnail data is not available (VERR_NOT_SUPPORTED)}, preserve=false aResultDetail=-37
00:17:54.479521 nspr-5   WARNING [COM]: aRC=NS_ERROR_FAILURE (0x80004005) aIID={16ced992-5fdc-4aba-aff5-6a39bbd7c38b} aComponent={HostWrap} aText={VirtualBox is not currently allowed to access USB devices.  You can change this by adding your user to the 'vboxusers' group.  Please see the user manual for a more detailed explanation}, preserve=true  aResultDetail=0
00:17:54.480461 nspr-4   WARNING [COM]: aRC=NS_ERROR_FAILURE (0x80004005) aIID={16ced992-5fdc-4aba-aff5-6a39bbd7c38b} aComponent={HostWrap} aText={VirtualBox is not currently allowed to access USB devices.  You can change this by adding your user to the 'vboxusers' group.  Please see the user manual for a more detailed explanation}, preserve=true  aResultDetail=0
00:17:54.526138 SaveState Saving settings file "/media/natalie/D-Drive/Other Data/VirtualMachines/Arch/Arch.vbox" with version "1.16-linux"
00:17:54.596433 nspr-7   WARNING [COM]: aRC=NS_ERROR_FAILURE (0x80004005) aIID={16ced992-5fdc-4aba-aff5-6a39bbd7c38b} aComponent={HostWrap} aText={VirtualBox is not currently allowed to access USB devices.  You can change this by adding your user to the 'vboxusers' group.  Please see the user manual for a more detailed explanation}, preserve=true  aResultDetail=0
00:17:54.597492 nspr-5   WARNING [COM]: aRC=NS_ERROR_FAILURE (0x80004005) aIID={16ced992-5fdc-4aba-aff5-6a39bbd7c38b} aComponent={HostWrap} aText={VirtualBox is not currently allowed to access USB devices.  You can change this by adding your user to the 'vboxusers' group.  Please see the user manual for a more detailed explanation}, preserve=true  aResultDetail=0
00:17:55.050471 nspr-3   Saving settings file "/media/natalie/D-Drive/Other Data/VirtualMachines/Arch/Arch.vbox" with version "1.16-linux"
00:17:55.065361 nspr-3   Saving settings file "/media/natalie/D-Drive/Other Data/VirtualMachines/Arch/Arch.vbox" with version "1.16-linux"
00:17:55.112972 nspr-4   WARNING [COM]: aRC=NS_ERROR_FAILURE (0x80004005) aIID={16ced992-5fdc-4aba-aff5-6a39bbd7c38b} aComponent={HostWrap} aText={VirtualBox is not currently allowed to access USB devices.  You can change this by adding your user to the 'vboxusers' group.  Please see the user manual for a more detailed explanation}, preserve=true  aResultDetail=0
00:17:55.113936 nspr-4   WARNING [COM]: aRC=NS_ERROR_FAILURE (0x80004005) aIID={16ced992-5fdc-4aba-aff5-6a39bbd7c38b} aComponent={HostWrap} aText={VirtualBox is not currently allowed to access USB devices.  You can change this by adding your user to the 'vboxusers' group.  Please see the user manual for a more detailed explanation}, preserve=true  aResultDetail=0
00:17:55.437032 nspr-7   WARNING [COM]: aRC=NS_ERROR_FAILURE (0x80004005) aIID={16ced992-5fdc-4aba-aff5-6a39bbd7c38b} aComponent={HostWrap} aText={VirtualBox is not currently allowed to access USB devices.  You can change this by adding your user to the 'vboxusers' group.  Please see the user manual for a more detailed explanation}, preserve=true  aResultDetail=0
00:17:55.438131 nspr-7   WARNING [COM]: aRC=NS_ERROR_FAILURE (0x80004005) aIID={16ced992-5fdc-4aba-aff5-6a39bbd7c38b} aComponent={HostWrap} aText={VirtualBox is not currently allowed to access USB devices.  You can change this by adding your user to the 'vboxusers' group.  Please see the user manual for a more detailed explanation}, preserve=true  aResultDetail=0
00:17:58.409182 nspr-7   Saving settings file "/home/natalie/.config/VirtualBox/VirtualBox.xml" with version "1.12-linux"
00:18:00.327105 nspr-7   Saving settings file "/home/natalie/.config/VirtualBox/VirtualBox.xml" with version "1.12-linux"
00:18:00.338280 nspr-3   Saving settings file "/home/natalie/.config/VirtualBox/VirtualBox.xml" with version "1.12-linux"
00:18:00.342028 nspr-4   Saving settings file "/home/natalie/.config/VirtualBox/VirtualBox.xml" with version "1.12-linux"
00:18:05.853686 main     VirtualBox: object deletion starts
00:18:05.861603 main     HostDnsMonitor: shutting down ...
00:18:05.876052 main     HostDnsMonitor: shut down
00:18:05.901973 Watcher  ERROR [COM]: aRC=E_ACCESSDENIED (0x80070005) aIID={d0a0163f-e254-4e5b-a1f2-011cf991c38d} aComponent={VirtualBoxWrap} aText={The object is not ready}, preserve=false aResultDetail=0
00:18:10.876187 main     {00007f2e240195e0} HostPowerServiceLinux::~HostPowerServiceLinux: RTThreadWait() for 5000 ms failed with VERR_TIMEOUT
00:18:10.882932 main     VirtualBox: object deleted
