[2022-10-13 18:04:18.595] [error] TypeError: Cannot read properties of undefined (reading 'width')
    at as.normalizeTable (file:///opt/MarkText/resources/app.asar/dist/electron/webpack:/marktext/src/muya/lib/utils/exportMarkdown.js:317:56)
    at as.translateBlocks2Markdown (file:///opt/MarkText/resources/app.asar/dist/electron/webpack:/marktext/src/muya/lib/utils/exportMarkdown.js:72:32)
    at as.normalizeListItem (file:///opt/MarkText/resources/app.asar/dist/electron/webpack:/marktext/src/muya/lib/utils/exportMarkdown.js:402:22)
    at as.translateBlocks2Markdown (file:///opt/MarkText/resources/app.asar/dist/electron/webpack:/marktext/src/muya/lib/utils/exportMarkdown.js:106:28)
    at as.normalizeList (file:///opt/MarkText/resources/app.asar/dist/electron/webpack:/marktext/src/muya/lib/utils/exportMarkdown.js:353:17)
    at as.translateBlocks2Markdown (file:///opt/MarkText/resources/app.asar/dist/electron/webpack:/marktext/src/muya/lib/utils/exportMarkdown.js:125:28)
    at as.normalizeListItem (file:///opt/MarkText/resources/app.asar/dist/electron/webpack:/marktext/src/muya/lib/utils/exportMarkdown.js:402:22)
    at as.translateBlocks2Markdown (file:///opt/MarkText/resources/app.asar/dist/electron/webpack:/marktext/src/muya/lib/utils/exportMarkdown.js:106:28)
    at as.normalizeList (file:///opt/MarkText/resources/app.asar/dist/electron/webpack:/marktext/src/muya/lib/utils/exportMarkdown.js:353:17)
    at as.translateBlocks2Markdown (file:///opt/MarkText/resources/app.asar/dist/electron/webpack:/marktext/src/muya/lib/utils/exportMarkdown.js:125:28)
[2022-10-13 18:04:19.335] [error] TypeError: Cannot read properties of undefined (reading 'width')
    at as.normalizeTable (file:///opt/MarkText/resources/app.asar/dist/electron/webpack:/marktext/src/muya/lib/utils/exportMarkdown.js:317:56)
    at as.translateBlocks2Markdown (file:///opt/MarkText/resources/app.asar/dist/electron/webpack:/marktext/src/muya/lib/utils/exportMarkdown.js:72:32)
    at as.normalizeListItem (file:///opt/MarkText/resources/app.asar/dist/electron/webpack:/marktext/src/muya/lib/utils/exportMarkdown.js:402:22)
    at as.translateBlocks2Markdown (file:///opt/MarkText/resources/app.asar/dist/electron/webpack:/marktext/src/muya/lib/utils/exportMarkdown.js:106:28)
    at as.normalizeList (file:///opt/MarkText/resources/app.asar/dist/electron/webpack:/marktext/src/muya/lib/utils/exportMarkdown.js:353:17)
    at as.translateBlocks2Markdown (file:///opt/MarkText/resources/app.asar/dist/electron/webpack:/marktext/src/muya/lib/utils/exportMarkdown.js:125:28)
    at as.normalizeListItem (file:///opt/MarkText/resources/app.asar/dist/electron/webpack:/marktext/src/muya/lib/utils/exportMarkdown.js:402:22)
    at as.translateBlocks2Markdown (file:///opt/MarkText/resources/app.asar/dist/electron/webpack:/marktext/src/muya/lib/utils/exportMarkdown.js:106:28)
    at as.normalizeList (file:///opt/MarkText/resources/app.asar/dist/electron/webpack:/marktext/src/muya/lib/utils/exportMarkdown.js:353:17)
    at as.translateBlocks2Markdown (file:///opt/MarkText/resources/app.asar/dist/electron/webpack:/marktext/src/muya/lib/utils/exportMarkdown.js:125:28)
[2022-10-13 18:04:33.984] [error] Error: selectionChange: expected cursor but cursor is null.
    at Ts.selectionChange (file:///opt/MarkText/resources/app.asar/dist/electron/webpack:/marktext/src/muya/lib/contentState/paragraphCtrl.js:21:13)
    at zs.dispatchSelectionChange (file:///opt/MarkText/resources/app.asar/dist/electron/webpack:/marktext/src/muya/lib/index.js:117:48)
    at file:///opt/MarkText/resources/app.asar/dist/electron/webpack:/marktext/src/muya/lib/eventHandler/keyboard.js:85:19
